2023-07-23 20:07:659 INFO  HomePage :37 - Clicking on login link : [[ChromeDriver: chrome on windows (c39585ab5619332eedcfaced79a04480)] -> link text: Log in]
2023-07-23 20:07:822 INFO  LoginPage :44 - Getting text from : [[ChromeDriver: chrome on windows (c39585ab5619332eedcfaced79a04480)] -> xpath: //h1[contains(text(),'Welcome, Please Sign In!')]]
2023-07-23 20:07:924 INFO  HomePage :37 - Clicking on login link : [[ChromeDriver: chrome on windows (af5e9b5efe90cf20aa33af082d1b0a44)] -> link text: Log in]
2023-07-24 19:07:662 INFO  HomePage :56 - Click on register link.[[ChromeDriver: chrome on windows (6d539182d8cb5ed27502f0df7a1b24a6)] -> xpath: //a[contains(text(),'Register')]]
2023-07-24 19:07:690 INFO  RegisterPage :140 - Click on register button[[ChromeDriver: chrome on windows (6d539182d8cb5ed27502f0df7a1b24a6)] -> id: register-button]
2023-07-24 19:07:875 INFO  RegisterPage :170 - Verify registration complete messageProxy element for: DefaultElementLocator 'By.xpath: //div[contains(text(),'Your registration completed')]'
2023-07-24 19:07:973 INFO  HomePage :56 - Click on register link.[[ChromeDriver: chrome on windows (2ef8d8e24a9a8d0c4e176b91981b4f74)] -> xpath: //a[contains(text(),'Register')]]
2023-07-24 19:07:851 INFO  RegisterPage :86 - Select gender.Maleradio button
2023-07-24 19:07:976 INFO  RegisterPage :100 - Enter first name.Sarvatin first name field[[ChromeDriver: chrome on windows (2ef8d8e24a9a8d0c4e176b91981b4f74)] -> id: FirstName]
2023-07-24 19:07:95 INFO  RegisterPage :105 - Enter last name.Shaikhin last name field[[ChromeDriver: chrome on windows (2ef8d8e24a9a8d0c4e176b91981b4f74)] -> id: LastName]
2023-07-24 19:07:183 INFO  RegisterPage :110 - Enter day for date of birth.01in day field[[ChromeDriver: chrome on windows (2ef8d8e24a9a8d0c4e176b91981b4f74)] -> name: DateOfBirthDay]
2023-07-24 20:07:311 INFO  HomePage :56 - Click on register link.[[ChromeDriver: chrome on windows (b3870d2110fb55c7510beec9a3e05917)] -> xpath: //a[contains(text(),'Register')]]
2023-07-24 20:07:289 INFO  RegisterPage :140 - Click on register button[[ChromeDriver: chrome on windows (b3870d2110fb55c7510beec9a3e05917)] -> id: register-button]
2023-07-24 20:07:397 INFO  RegisterPage :170 - Verify registration complete messageProxy element for: DefaultElementLocator 'By.xpath: //div[contains(text(),'Your registration completed')]'
2023-07-24 20:07:217 INFO  HomePage :56 - Click on register link.[[ChromeDriver: chrome on windows (41aeaf1f587acb2a9d41e98d7f5f4638)] -> xpath: //a[contains(text(),'Register')]]
2023-07-24 20:07:671 INFO  RegisterPage :86 - Select gender.Maleradio button
2023-07-24 20:07:766 INFO  RegisterPage :100 - Enter first name.Sarvatin first name field[[ChromeDriver: chrome on windows (41aeaf1f587acb2a9d41e98d7f5f4638)] -> id: FirstName]
2023-07-24 20:07:924 INFO  RegisterPage :105 - Enter last name.Shaikhin last name field[[ChromeDriver: chrome on windows (41aeaf1f587acb2a9d41e98d7f5f4638)] -> id: LastName]
2023-07-24 20:07:30 INFO  RegisterPage :110 - Enter day for date of birth.01in day field[[ChromeDriver: chrome on windows (41aeaf1f587acb2a9d41e98d7f5f4638)] -> name: DateOfBirthDay]
2023-07-24 22:07:07 INFO  HomePage :56 - Click on register link.[[ChromeDriver: chrome on windows (aaa303cf6320a10e1f6a54e74f1714db)] -> xpath: //a[contains(text(),'Register')]]
2023-07-24 22:07:236 INFO  RegisterPage :140 - Click on register button[[ChromeDriver: chrome on windows (aaa303cf6320a10e1f6a54e74f1714db)] -> id: register-button]
2023-07-24 22:07:861 INFO  HomePage :56 - Click on register link.[[ChromeDriver: chrome on windows (208057f0d9e86445290466387159bd5d)] -> xpath: //a[contains(text(),'Register')]]
2023-07-24 22:07:801 INFO  RegisterPage :86 - Select gender.Maleradio button
2023-07-24 22:07:897 INFO  RegisterPage :100 - Enter first name.Sarvatin first name field[[ChromeDriver: chrome on windows (208057f0d9e86445290466387159bd5d)] -> id: FirstName]
2023-07-24 22:07:12 INFO  RegisterPage :105 - Enter last name.Shaikhin last name field[[ChromeDriver: chrome on windows (208057f0d9e86445290466387159bd5d)] -> id: LastName]
2023-07-24 22:07:109 INFO  RegisterPage :110 - Enter day for date of birth.01in day field[[ChromeDriver: chrome on windows (208057f0d9e86445290466387159bd5d)] -> name: DateOfBirthDay]
2023-07-24 23:07:365 INFO  HomePage :51 - Click on login link.[[ChromeDriver: chrome on windows (1f49bf9c248e57368f0895c0f9bd7ba7)] -> xpath: //a[contains(text(),'Log in')]]
2023-07-24 23:07:552 INFO  LoginPage :41 - Getting text from : [[ChromeDriver: chrome on windows (1f49bf9c248e57368f0895c0f9bd7ba7)] -> xpath: //h1[contains(text(),'Welcome, Please Sign In!')]]
2023-07-24 23:07:203 INFO  HomePage :51 - Click on login link.[[ChromeDriver: chrome on windows (3a67737cdbbfefa7b20095fc38ccca41)] -> xpath: //a[contains(text(),'Log in')]]
2023-07-24 23:07:313 INFO  LoginPage :47 - Entering the email in the field : [[ChromeDriver: chrome on windows (3a67737cdbbfefa7b20095fc38ccca41)] -> id: Email]
2023-07-24 23:07:399 INFO  LoginPage :52 - Enter the password in the field : [[ChromeDriver: chrome on windows (3a67737cdbbfefa7b20095fc38ccca41)] -> name: Password]
2023-07-24 23:07:429 INFO  LoginPage :56 - Click on login button[[ChromeDriver: chrome on windows (3a67737cdbbfefa7b20095fc38ccca41)] -> xpath: //button[contains(text(),'Log in')]]
2023-07-24 23:07:866 INFO  LoginPage :61 - Verify error message[[ChromeDriver: chrome on windows (3a67737cdbbfefa7b20095fc38ccca41)] -> xpath: //div[@class='message-error validation-summary-errors']]
2023-07-24 23:07:29 INFO  HomePage :56 - Click on register link.[[ChromeDriver: chrome on windows (a0f53dde55b943811d44c4b7465533df)] -> xpath: //a[contains(text(),'Register')]]
2023-07-24 23:07:320 INFO  HomePage :51 - Click on login link.[[ChromeDriver: chrome on windows (b32acf77c9e28540d78672aa5ecdf61a)] -> xpath: //a[contains(text(),'Log in')]]
2023-07-24 23:07:361 INFO  LoginPage :41 - Getting text from : [[ChromeDriver: chrome on windows (b32acf77c9e28540d78672aa5ecdf61a)] -> xpath: //h1[contains(text(),'Welcome, Please Sign In!')]]
2023-07-24 23:07:762 INFO  HomePage :51 - Click on login link.[[ChromeDriver: chrome on windows (ec7b3f7756157d8f87444fce92dd48db)] -> xpath: //a[contains(text(),'Log in')]]
2023-07-24 23:07:778 INFO  LoginPage :47 - Entering the email in the field : [[ChromeDriver: chrome on windows (ec7b3f7756157d8f87444fce92dd48db)] -> id: Email]
2023-07-24 23:07:876 INFO  LoginPage :52 - Enter the password in the field : [[ChromeDriver: chrome on windows (ec7b3f7756157d8f87444fce92dd48db)] -> name: Password]
2023-07-24 23:07:900 INFO  LoginPage :56 - Click on login button[[ChromeDriver: chrome on windows (ec7b3f7756157d8f87444fce92dd48db)] -> xpath: //button[contains(text(),'Log in')]]
2023-07-24 23:07:311 INFO  LoginPage :61 - Verify error message[[ChromeDriver: chrome on windows (ec7b3f7756157d8f87444fce92dd48db)] -> xpath: //div[@class='message-error validation-summary-errors']]
2023-07-24 23:07:870 INFO  HomePage :56 - Click on register link.[[ChromeDriver: chrome on windows (8757b6b0be737fb76ce0cc81c6ca3301)] -> xpath: //a[contains(text(),'Register')]]
2023-07-24 23:07:633 INFO  HomePage :56 - Click on register link.[[ChromeDriver: chrome on windows (f259b9e178fa8f49559a3ced3b638c2a)] -> xpath: //a[contains(text(),'Register')]]
2023-07-24 23:07:827 INFO  HomePage :56 - Click on register link.[[ChromeDriver: chrome on windows (98c08bc49702513047eff02fbaf88870)] -> xpath: //a[contains(text(),'Register')]]
2023-07-24 23:07:418 INFO  HomePage :56 - Click on register link.[[ChromeDriver: chrome on windows (9dd127314b3a292312227c4494ecf100)] -> xpath: //a[contains(text(),'Register')]]
2023-07-24 23:07:324 INFO  RegisterPage :140 - Click on register button[[ChromeDriver: chrome on windows (9dd127314b3a292312227c4494ecf100)] -> id: register-button]
2023-07-24 23:07:476 INFO  HomePage :56 - Click on register link.[[ChromeDriver: chrome on windows (d7d1734c93421352e241ed9628071725)] -> xpath: //a[contains(text(),'Register')]]
2023-07-24 23:07:361 INFO  RegisterPage :140 - Click on register button[[ChromeDriver: chrome on windows (d7d1734c93421352e241ed9628071725)] -> id: register-button]
2023-07-24 23:07:850 INFO  HomePage :56 - Click on register link.[[ChromeDriver: chrome on windows (ff24538ea7cce1f5086b38e3062f66cf)] -> xpath: //a[contains(text(),'Register')]]
2023-07-24 23:07:730 INFO  RegisterPage :140 - Click on register button[[ChromeDriver: chrome on windows (ff24538ea7cce1f5086b38e3062f66cf)] -> id: register-button]
2023-07-24 23:07:50 INFO  HomePage :56 - Click on register link.[[ChromeDriver: chrome on windows (b398689bab085ba95ef2f4abc210d914)] -> xpath: //a[contains(text(),'Register')]]
2023-07-24 23:07:505 INFO  RegisterPage :140 - Click on register button[[ChromeDriver: chrome on windows (b398689bab085ba95ef2f4abc210d914)] -> id: register-button]
2023-07-24 23:07:15 INFO  HomePage :56 - Click on register link.[[ChromeDriver: chrome on windows (3019134b3efed3f316ac2d55cb4a2a50)] -> xpath: //a[contains(text(),'Register')]]
2023-07-24 23:07:859 INFO  RegisterPage :140 - Click on register button[[ChromeDriver: chrome on windows (3019134b3efed3f316ac2d55cb4a2a50)] -> id: register-button]
2023-07-24 23:07:597 INFO  HomePage :56 - Click on register link.[[ChromeDriver: chrome on windows (916aec9c2048f21f61c67a505551fc16)] -> xpath: //a[contains(text(),'Register')]]
2023-07-25 01:07:98 INFO  HomePage :56 - Click on register link.[[ChromeDriver: chrome on windows (dd85d65ec75dc90f4a9da1a7906164ed)] -> xpath: //a[contains(text(),'Register')]]
2023-07-25 01:07:261 INFO  RegisterPage :162 - Click on register button[[ChromeDriver: chrome on windows (dd85d65ec75dc90f4a9da1a7906164ed)] -> id: register-button]
2023-07-25 01:07:672 INFO  HomePage :56 - Click on register link.[[ChromeDriver: chrome on windows (35b9937668895935a61d9834416a4e43)] -> xpath: //a[contains(text(),'Register')]]
2023-07-25 01:07:689 INFO  RegisterPage :162 - Click on register button[[ChromeDriver: chrome on windows (35b9937668895935a61d9834416a4e43)] -> id: register-button]
2023-07-25 01:07:555 INFO  HomePage :56 - Click on register link.[[ChromeDriver: chrome on windows (d067f2d3c831035d63b460d1c32b73fa)] -> xpath: //a[contains(text(),'Register')]]
2023-07-25 01:07:609 INFO  RegisterPage :162 - Click on register button[[ChromeDriver: chrome on windows (d067f2d3c831035d63b460d1c32b73fa)] -> id: register-button]
2023-07-25 01:07:86 INFO  HomePage :56 - Click on register link.[[ChromeDriver: chrome on windows (23e24b6fcde928321132c0fa0645fb9e)] -> xpath: //a[contains(text(),'Register')]]
2023-07-25 01:07:256 INFO  RegisterPage :162 - Click on register button[[ChromeDriver: chrome on windows (23e24b6fcde928321132c0fa0645fb9e)] -> id: register-button]
2023-07-25 01:07:04 INFO  HomePage :56 - Click on register link.[[ChromeDriver: chrome on windows (0e44c6d0f273d025c005de18101fdcd8)] -> xpath: //a[contains(text(),'Register')]]
2023-07-25 01:07:81 INFO  RegisterPage :162 - Click on register button[[ChromeDriver: chrome on windows (0e44c6d0f273d025c005de18101fdcd8)] -> id: register-button]
2023-07-25 01:07:502 INFO  HomePage :56 - Click on register link.[[ChromeDriver: chrome on windows (a6c71a1a9f1fdc68f1dc59b5e25771ae)] -> xpath: //a[contains(text(),'Register')]]
2023-07-25 01:07:811 INFO  HomePage :51 - Click on login link.[[ChromeDriver: chrome on windows (9c55c73e25cc90892863d1c06fdabea6)] -> xpath: //a[contains(text(),'Log in')]]
2023-07-25 01:07:806 INFO  LoginPage :41 - Getting text from : [[ChromeDriver: chrome on windows (9c55c73e25cc90892863d1c06fdabea6)] -> xpath: //h1[contains(text(),'Welcome, Please Sign In!')]]
2023-07-25 01:07:860 INFO  HomePage :51 - Click on login link.[[ChromeDriver: chrome on windows (83f5a1ea2fe08bb309af432ebed6644c)] -> xpath: //a[contains(text(),'Log in')]]
2023-07-25 01:07:919 INFO  RegisterPage :147 - Enter email.iamboss@googly.comin email field[[ChromeDriver: chrome on windows (83f5a1ea2fe08bb309af432ebed6644c)] -> id: Email]
2023-07-25 01:07:94 INFO  LoginPage :52 - Enter the password in the field : [[ChromeDriver: chrome on windows (83f5a1ea2fe08bb309af432ebed6644c)] -> name: Password]
2023-07-25 01:07:117 INFO  LoginPage :56 - Click on login button[[ChromeDriver: chrome on windows (83f5a1ea2fe08bb309af432ebed6644c)] -> xpath: //button[contains(text(),'Log in')]]
2023-07-25 01:07:566 INFO  LoginPage :61 - Verify error message[[ChromeDriver: chrome on windows (83f5a1ea2fe08bb309af432ebed6644c)] -> xpath: //div[@class='message-error validation-summary-errors']]
2023-07-25 01:07:897 INFO  HomePage :56 - Click on register link.[[ChromeDriver: chrome on windows (cfe5d8008063483a860862a68a5e9af7)] -> xpath: //a[contains(text(),'Register')]]
2023-07-25 01:07:23 INFO  RegisterPage :91 - Select gender.Maleradio button
2023-07-25 01:07:120 INFO  RegisterPage :116 - Enter first name.Sarvatin first name field[[ChromeDriver: chrome on windows (cfe5d8008063483a860862a68a5e9af7)] -> id: FirstName]
2023-07-25 01:07:207 INFO  RegisterPage :121 - Enter last name.Shaikhin last name field[[ChromeDriver: chrome on windows (cfe5d8008063483a860862a68a5e9af7)] -> id: LastName]
2023-07-25 01:07:984 INFO  HomePage :56 - Click on register link.[[ChromeDriver: chrome on windows (8287f9ccfdd4f7f7b145560d7e824a36)] -> xpath: //a[contains(text(),'Register')]]
2023-07-25 01:07:966 INFO  RegisterPage :91 - Select gender.Maleradio button
2023-07-25 01:07:47 INFO  RegisterPage :116 - Enter first name.Sarvatin first name field[[ChromeDriver: chrome on windows (8287f9ccfdd4f7f7b145560d7e824a36)] -> id: FirstName]
2023-07-25 01:07:135 INFO  RegisterPage :121 - Enter last name.Shaikhin last name field[[ChromeDriver: chrome on windows (8287f9ccfdd4f7f7b145560d7e824a36)] -> id: LastName]
2023-07-26 00:07:764 INFO  HomePage :41 - Select top menu.Computersfrom optionsComputers
2023-07-26 00:07:856 INFO  ComputerPage :35 - Verify computers text.[[ChromeDriver: chrome on windows (d3a53d0c15fb9a893e05ccc316d854fc)] -> xpath: //h1[contains(text(),'Computers')]]
2023-07-26 00:07:16 INFO  HomePage :41 - Select top menu.Computersfrom optionsComputers
2023-07-26 00:07:935 INFO  ComputerPage :41 - Select option from sublist.Desktopsfrom options
2023-07-26 00:07:340 INFO  DesktopsPage :36 - Verify desktops text.[[ChromeDriver: chrome on windows (27484991ab746f8c60ac0fbc3ed9253a)] -> xpath: //h1[contains(text(),'Desktops')]]
2023-07-26 00:07:846 INFO  HomePage :41 - Select top menu.Computersfrom optionsComputers
2023-07-26 00:07:858 INFO  ComputerPage :41 - Select option from sublist.Desktopsfrom options
2023-07-26 00:07:287 INFO  DesktopsPage :56 - Click on build your own computer.[[ChromeDriver: chrome on windows (29c49dc88e642ed5bba3e0922bb1eefd)] -> xpath: //a[contains(text(),'Build your own computer')]]
2023-07-26 00:07:747 INFO  BuildYourOwnComputerPage :65 - Select processor from drop down list.2.2 GHz Intel Pentium Dual-Core E2200from drop down[[ChromeDriver: chrome on windows (29c49dc88e642ed5bba3e0922bb1eefd)] -> id: product_attribute_1]
2023-07-26 00:07:905 INFO  BuildYourOwnComputerPage :70 - Select ram from drop down list.2 GBfrom drop down[[ChromeDriver: chrome on windows (29c49dc88e642ed5bba3e0922bb1eefd)] -> id: product_attribute_2]
2023-07-26 00:07:21 INFO  BuildYourOwnComputerPage :76 - Select HDD radio button.320 GB
2023-07-26 00:07:120 INFO  BuildYourOwnComputerPage :91 - Select OS radio button.Vista Home [+$50.00]
2023-07-26 00:07:224 INFO  BuildYourOwnComputerPage :128 - Click on add to cart button.[[ChromeDriver: chrome on windows (29c49dc88e642ed5bba3e0922bb1eefd)] -> id: add-to-cart-button-1]
2023-07-26 00:07:617 INFO  BuildYourOwnComputerPage :133 - Verify product has been added text.[[ChromeDriver: chrome on windows (29c49dc88e642ed5bba3e0922bb1eefd)] -> xpath: //div[@class='bar-notification success']/p]
2023-07-26 00:07:780 INFO  HomePage :41 - Select top menu.Computersfrom optionsComputers
2023-07-26 00:07:749 INFO  ComputerPage :41 - Select option from sublist.Desktopsfrom options
2023-07-26 00:07:167 INFO  DesktopsPage :56 - Click on build your own computer.[[ChromeDriver: chrome on windows (e22938ee2eba83af0dc8d21cccb02ee2)] -> xpath: //a[contains(text(),'Build your own computer')]]
2023-07-26 00:07:607 INFO  BuildYourOwnComputerPage :65 - Select processor from drop down list.2.5 GHz Intel Pentium Dual-Core E2200 [+$15.00]from drop down[[ChromeDriver: chrome on windows (e22938ee2eba83af0dc8d21cccb02ee2)] -> id: product_attribute_1]
2023-07-26 00:07:701 INFO  BuildYourOwnComputerPage :70 - Select ram from drop down list.4GB [+$20.00]from drop down[[ChromeDriver: chrome on windows (e22938ee2eba83af0dc8d21cccb02ee2)] -> id: product_attribute_2]
2023-07-26 00:07:818 INFO  BuildYourOwnComputerPage :76 - Select HDD radio button.400 GB [+$100.00]
2023-07-26 00:07:910 INFO  BuildYourOwnComputerPage :91 - Select OS radio button.Vista Premium [+$60.00]
2023-07-26 00:07:36 INFO  BuildYourOwnComputerPage :128 - Click on add to cart button.[[ChromeDriver: chrome on windows (e22938ee2eba83af0dc8d21cccb02ee2)] -> id: add-to-cart-button-1]
2023-07-26 00:07:733 INFO  BuildYourOwnComputerPage :133 - Verify product has been added text.[[ChromeDriver: chrome on windows (e22938ee2eba83af0dc8d21cccb02ee2)] -> xpath: //div[@class='bar-notification success']/p]
2023-07-26 00:07:759 INFO  HomePage :41 - Select top menu.Computersfrom optionsComputers
2023-07-26 00:07:668 INFO  ComputerPage :41 - Select option from sublist.Desktopsfrom options
2023-07-26 00:07:71 INFO  DesktopsPage :56 - Click on build your own computer.[[ChromeDriver: chrome on windows (6769eb499bd170fcb17af6538fa7a9fe)] -> xpath: //a[contains(text(),'Build your own computer')]]
2023-07-26 00:07:524 INFO  BuildYourOwnComputerPage :65 - Select processor from drop down list.2.5 GHz Intel Pentium Dual-Core E2200 [+$15.00]from drop down[[ChromeDriver: chrome on windows (6769eb499bd170fcb17af6538fa7a9fe)] -> id: product_attribute_1]
2023-07-26 00:07:603 INFO  BuildYourOwnComputerPage :70 - Select ram from drop down list.8GB [+$60.00]from drop down[[ChromeDriver: chrome on windows (6769eb499bd170fcb17af6538fa7a9fe)] -> id: product_attribute_2]
2023-07-26 00:07:715 INFO  BuildYourOwnComputerPage :76 - Select HDD radio button.320 GB
2023-07-26 00:07:804 INFO  BuildYourOwnComputerPage :91 - Select OS radio button.Vista Home [+$50.00]
2023-07-26 00:07:903 INFO  BuildYourOwnComputerPage :128 - Click on add to cart button.[[ChromeDriver: chrome on windows (6769eb499bd170fcb17af6538fa7a9fe)] -> id: add-to-cart-button-1]
2023-07-26 00:07:176 INFO  BuildYourOwnComputerPage :133 - Verify product has been added text.[[ChromeDriver: chrome on windows (6769eb499bd170fcb17af6538fa7a9fe)] -> xpath: //div[@class='bar-notification success']/p]
2023-07-26 00:07:218 INFO  HomePage :51 - Click on login link.[[ChromeDriver: chrome on windows (397dda5e29cab132d1ba82676237c67a)] -> xpath: //a[contains(text(),'Log in')]]
2023-07-26 00:07:136 INFO  LoginPage :41 - Getting text from : [[ChromeDriver: chrome on windows (397dda5e29cab132d1ba82676237c67a)] -> xpath: //h1[contains(text(),'Welcome, Please Sign In!')]]
2023-07-26 00:07:269 INFO  HomePage :51 - Click on login link.[[ChromeDriver: chrome on windows (08cdbc2aed7f105c1e5464003331c82e)] -> xpath: //a[contains(text(),'Log in')]]
2023-07-26 00:07:279 INFO  LoginPage :47 - Entering the email in the field : [[ChromeDriver: chrome on windows (08cdbc2aed7f105c1e5464003331c82e)] -> id: Email]
2023-07-26 00:07:367 INFO  LoginPage :52 - Enter the password in the field : [[ChromeDriver: chrome on windows (08cdbc2aed7f105c1e5464003331c82e)] -> name: Password]
2023-07-26 00:07:392 INFO  LoginPage :56 - Click on login button[[ChromeDriver: chrome on windows (08cdbc2aed7f105c1e5464003331c82e)] -> xpath: //button[contains(text(),'Log in')]]
2023-07-26 00:07:763 INFO  LoginPage :61 - Verify error message[[ChromeDriver: chrome on windows (08cdbc2aed7f105c1e5464003331c82e)] -> xpath: //div[@class='message-error validation-summary-errors']]
2023-07-26 00:07:721 INFO  HomePage :51 - Click on login link.[[ChromeDriver: chrome on windows (6c29028f634c81eb9bb4aaffaf2dc45c)] -> xpath: //a[contains(text(),'Log in')]]
2023-07-26 00:07:674 INFO  LoginPage :47 - Entering the email in the field : [[ChromeDriver: chrome on windows (6c29028f634c81eb9bb4aaffaf2dc45c)] -> id: Email]
2023-07-26 00:07:768 INFO  LoginPage :52 - Enter the password in the field : [[ChromeDriver: chrome on windows (6c29028f634c81eb9bb4aaffaf2dc45c)] -> name: Password]
2023-07-26 00:07:793 INFO  LoginPage :56 - Click on login button[[ChromeDriver: chrome on windows (6c29028f634c81eb9bb4aaffaf2dc45c)] -> xpath: //button[contains(text(),'Log in')]]
2023-07-26 00:07:281 INFO  LoginPage :66 - Verify logout link.Proxy element for: DefaultElementLocator 'By.xpath: //a[contains(text(),'Log out')]'
2023-07-26 00:07:131 INFO  HomePage :51 - Click on login link.[[ChromeDriver: chrome on windows (01e8b23754ba0a55af5c8fa07394c502)] -> xpath: //a[contains(text(),'Log in')]]
2023-07-26 00:07:31 INFO  LoginPage :47 - Entering the email in the field : [[ChromeDriver: chrome on windows (01e8b23754ba0a55af5c8fa07394c502)] -> id: Email]
2023-07-26 00:07:782 INFO  LoginPage :52 - Enter the password in the field : [[ChromeDriver: chrome on windows (01e8b23754ba0a55af5c8fa07394c502)] -> name: Password]
2023-07-26 00:07:897 INFO  LoginPage :56 - Click on login button[[ChromeDriver: chrome on windows (01e8b23754ba0a55af5c8fa07394c502)] -> xpath: //button[contains(text(),'Log in')]]
2023-07-26 00:07:874 INFO  LoginPage :71 - Click on logout link.Proxy element for: DefaultElementLocator 'By.xpath: //a[contains(text(),'Log out')]'
2023-07-26 00:07:498 INFO  HomePage :56 - Click on register link.[[ChromeDriver: chrome on windows (24a39afb6c5abd84ff82783045fdf0c3)] -> xpath: //a[contains(text(),'Register')]]
2023-07-26 00:07:673 INFO  RegisterPage :86 - Verify register text[[ChromeDriver: chrome on windows (24a39afb6c5abd84ff82783045fdf0c3)] -> xpath: //h1[contains(text(),'Register')]]
2023-07-26 00:07:163 INFO  HomePage :56 - Click on register link.[[ChromeDriver: chrome on windows (8ee1d22cf4255d5724a145f2b3c13589)] -> xpath: //a[contains(text(),'Register')]]
2023-07-26 00:07:212 INFO  RegisterPage :157 - Click on register button[[ChromeDriver: chrome on windows (8ee1d22cf4255d5724a145f2b3c13589)] -> id: register-button]
2023-07-26 00:07:404 INFO  RegisterPage :162 - Verify first name error[[ChromeDriver: chrome on windows (8ee1d22cf4255d5724a145f2b3c13589)] -> id: FirstName-error]
2023-07-26 00:07:448 INFO  RegisterPage :167 - Verify last name error[[ChromeDriver: chrome on windows (8ee1d22cf4255d5724a145f2b3c13589)] -> id: LastName-error]
2023-07-26 00:07:506 INFO  RegisterPage :182 - Verify email error[[ChromeDriver: chrome on windows (8ee1d22cf4255d5724a145f2b3c13589)] -> id: Email-error]
2023-07-26 00:07:564 INFO  RegisterPage :172 - Verify password error[[ChromeDriver: chrome on windows (8ee1d22cf4255d5724a145f2b3c13589)] -> id: Password-error]
2023-07-26 00:07:600 INFO  RegisterPage :177 - Verify confirm password error[[ChromeDriver: chrome on windows (8ee1d22cf4255d5724a145f2b3c13589)] -> id: ConfirmPassword-error]
2023-07-26 00:07:50 INFO  HomePage :56 - Click on register link.[[ChromeDriver: chrome on windows (f770edb195a9af8eab12a2c96399e105)] -> xpath: //a[contains(text(),'Register')]]
2023-07-26 00:07:979 INFO  RegisterPage :91 - Select gender.Maleradio button
2023-07-26 00:07:155 INFO  RegisterPage :116 - Enter first name.Sarvatin first name field[[ChromeDriver: chrome on windows (f770edb195a9af8eab12a2c96399e105)] -> id: FirstName]
2023-07-26 00:07:282 INFO  RegisterPage :121 - Enter last name.Shaikhin last name field[[ChromeDriver: chrome on windows (f770edb195a9af8eab12a2c96399e105)] -> id: LastName]
2023-07-26 00:07:432 INFO  RegisterPage :126 - Enter day for date of birth.09in day field[[ChromeDriver: chrome on windows (f770edb195a9af8eab12a2c96399e105)] -> name: DateOfBirthDay]
